<?xml version="1.0" encoding="UTF-8"?>
<!-- Generated by org.testng.reporters.JUnitReportReporter -->
<testsuite hostname="LAPTOP-S41DG1UT" failures="0" tests="3" name="firstCry.Registration" time="2.636" errors="0" timestamp="2024-08-13T01:33:31 IST" skipped="0">
  <testcase classname="firstCry.Registration" name="account" time="0.211"/>
  <testcase classname="firstCry.Registration" name="registration" time="2.396"/>
  <testcase classname="firstCry.Registration" name="button" time="0.029"/>
</testsuite> <!-- firstCry.Registration -->
