<?xml version="1.0" encoding="UTF-8"?>
<!-- Generated by org.testng.reporters.JUnitReportReporter -->
<testsuite hostname="LAPTOP-S41DG1UT" failures="0" tests="5" name="firstCry.JacketModule" time="4.811" errors="0" timestamp="2024-08-13T13:33:32 IST" skipped="0">
  <testcase classname="firstCry.JacketModule" name="account" time="0.179"/>
  <testcase classname="firstCry.JacketModule" name="login" time="2.212"/>
  <testcase classname="firstCry.JacketModule" name="button" time="2.217"/>
  <testcase classname="firstCry.JacketModule" name="jacketSection" time="0.178"/>
  <testcase classname="firstCry.JacketModule" name="babyGirlJacket" time="0.025"/>
</testsuite> <!-- firstCry.JacketModule -->
