<?xml version="1.0" encoding="UTF-8"?>
<!-- Generated by org.testng.reporters.JUnitReportReporter -->
<testsuite hostname="LAPTOP-S41DG1UT" failures="0" tests="4" name="selenium.Class1Test" time="5.473" errors="0" timestamp="2024-08-12T03:03:20 IST" skipped="0">
  <testcase classname="selenium.Class1Test" name="login" time="2.160"/>
  <testcase classname="selenium.Class1Test" name="button" time="0.059"/>
  <testcase classname="selenium.Class1Test" name="buzz" time="2.486"/>
  <testcase classname="selenium.Class1Test" name="post" time="0.768"/>
</testsuite> <!-- selenium.Class1Test -->
