<?xml version="1.0" encoding="UTF-8"?>
<!-- Generated by org.testng.reporters.JUnitReportReporter -->
<testsuite hostname="LAPTOP-S41DG1UT" failures="0" tests="5" name="firstCry.Login" time="9.321" errors="0" timestamp="2024-08-13T02:06:12 IST" skipped="0">
  <testcase classname="firstCry.Login" name="account" time="0.239"/>
  <testcase classname="firstCry.Login" name="login" time="2.188"/>
  <testcase classname="firstCry.Login" name="button" time="1.667"/>
  <testcase classname="firstCry.Login" name="userSection" time="5.109"/>
  <testcase classname="firstCry.Login" name="logout" time="0.118"/>
</testsuite> <!-- firstCry.Login -->
