<?xml version="1.0" encoding="UTF-8"?>
<!-- Generated by org.testng.reporters.JUnitReportReporter -->
<testsuite hostname="LAPTOP-S41DG1UT" failures="0" tests="7" name="firstCry.ToysModule" time="4.818" errors="0" timestamp="2024-08-13T12:40:42 IST" skipped="0">
  <testcase classname="firstCry.ToysModule" name="account" time="0.714"/>
  <testcase classname="firstCry.ToysModule" name="login" time="2.203"/>
  <testcase classname="firstCry.ToysModule" name="button" time="1.674"/>
  <testcase classname="firstCry.ToysModule" name="toysSection" time="0.167"/>
  <testcase classname="firstCry.ToysModule" name="prongoEducational" time="0.026"/>
  <testcase classname="firstCry.ToysModule" name="carBedForKids" time="0.016"/>
  <testcase classname="firstCry.ToysModule" name="babyHouseToy" time="0.018"/>
</testsuite> <!-- firstCry.ToysModule -->
