<?xml version="1.0" encoding="UTF-8"?>
<!-- Generated by org.testng.reporters.JUnitReportReporter -->
<testsuite hostname="LAPTOP-S41DG1UT" failures="0" tests="6" name="firstCry.DiapersModule" time="4.233" errors="0" timestamp="2024-08-13T12:42:12 IST" skipped="0">
  <testcase classname="firstCry.DiapersModule" name="account" time="0.145"/>
  <testcase classname="firstCry.DiapersModule" name="login" time="2.186"/>
  <testcase classname="firstCry.DiapersModule" name="button" time="1.686"/>
  <testcase classname="firstCry.DiapersModule" name="diapersSection" time="0.170"/>
  <testcase classname="firstCry.DiapersModule" name="xxxlDiapers" time="0.027"/>
  <testcase classname="firstCry.DiapersModule" name="mamyPokoPants" time="0.019"/>
</testsuite> <!-- firstCry.DiapersModule -->
