<?xml version="1.0" encoding="UTF-8"?>
<!-- Generated by org.testng.reporters.JUnitReportReporter -->
<testsuite hostname="LAPTOP-S41DG1UT" failures="0" tests="4" name="firstCry.PlacedProduct" time="5.484" errors="0" timestamp="2024-08-13T14:18:58 IST" skipped="0">
  <testcase classname="firstCry.PlacedProduct" name="account" time="0.130"/>
  <testcase classname="firstCry.PlacedProduct" name="login" time="2.193"/>
  <testcase classname="firstCry.PlacedProduct" name="button" time="3.081"/>
  <testcase classname="firstCry.PlacedProduct" name="placedProductSection" time="0.080"/>
</testsuite> <!-- firstCry.PlacedProduct -->
