<?xml version="1.0" encoding="UTF-8"?>
<!-- Generated by org.testng.reporters.JUnitReportReporter -->
<testsuite hostname="LAPTOP-S41DG1UT" failures="0" tests="6" name="firstCry.Stroller" time="5.487" errors="0" timestamp="2024-08-13T13:54:50 IST" skipped="0">
  <testcase classname="firstCry.Stroller" name="account" time="0.205"/>
  <testcase classname="firstCry.Stroller" name="login" time="2.180"/>
  <testcase classname="firstCry.Stroller" name="button" time="2.154"/>
  <testcase classname="firstCry.Stroller" name="strollerSection" time="0.161"/>
  <testcase classname="firstCry.Stroller" name="babyHugStroller" time="0.091"/>
  <testcase classname="firstCry.Stroller" name="addTocart" time="0.696"/>
</testsuite> <!-- firstCry.Stroller -->
