<?xml version="1.0" encoding="UTF-8"?>
<!-- Generated by org.testng.reporters.JUnitReportReporter -->
<testsuite hostname="LAPTOP-S41DG1UT" failures="0" tests="5" name="firstCry.CotModule" time="5.305" errors="0" timestamp="2024-08-13T13:33:06 IST" skipped="0">
  <testcase classname="firstCry.CotModule" name="account" time="0.708"/>
  <testcase classname="firstCry.CotModule" name="login" time="2.194"/>
  <testcase classname="firstCry.CotModule" name="button" time="2.218"/>
  <testcase classname="firstCry.CotModule" name="cotSection" time="0.165"/>
  <testcase classname="firstCry.CotModule" name="woodenBabyCot" time="0.020"/>
</testsuite> <!-- firstCry.CotModule -->
