<?xml version="1.0" encoding="UTF-8"?>
<!-- Generated by org.testng.reporters.JUnitReportReporter -->
<testsuite hostname="LAPTOP-S41DG1UT" failures="0" tests="14" name="firstCry.AccessoriesModule" time="4.369" errors="0" timestamp="2024-08-13T12:40:20 IST" skipped="0">
  <testcase classname="firstCry.AccessoriesModule" name="account" time="0.167"/>
  <testcase classname="firstCry.AccessoriesModule" name="login" time="2.211"/>
  <testcase classname="firstCry.AccessoriesModule" name="button" time="1.670"/>
  <testcase classname="firstCry.AccessoriesModule" name="AccessoriesSection" time="0.173"/>
  <testcase classname="firstCry.AccessoriesModule" name="breastPump" time="0.018"/>
  <testcase classname="firstCry.AccessoriesModule" name="babyBedWithNet" time="0.017"/>
  <testcase classname="firstCry.AccessoriesModule" name="babyCradle" time="0.023"/>
  <testcase classname="firstCry.AccessoriesModule" name="mothertouchWalker" time="0.013"/>
  <testcase classname="firstCry.AccessoriesModule" name="babyHugSeat" time="0.015"/>
  <testcase classname="firstCry.AccessoriesModule" name="cradleSwing" time="0.013"/>
  <testcase classname="firstCry.AccessoriesModule" name="electricBabySwing" time="0.011"/>
  <testcase classname="firstCry.AccessoriesModule" name="babyPalna" time="0.011"/>
  <testcase classname="firstCry.AccessoriesModule" name="babyBouncer" time="0.014"/>
  <testcase classname="firstCry.AccessoriesModule" name="babyBooster" time="0.013"/>
</testsuite> <!-- firstCry.AccessoriesModule -->
